<?xml version="1.0" encoding="UTF-8"?>
<testsuite xmlns:xsi="http://www.w3.org/2001/XMLSchema-instance" xsi:noNamespaceSchemaLocation="https://maven.apache.org/surefire/maven-surefire-plugin/xsd/surefire-test-report.xsd" name="TestClass" time="2.177" tests="2" errors="0" skipped="0" failures="0">
  <properties>
    <property name="java.specification.version" value="17"/>
    <property name="sun.jnu.encoding" value="UTF-8"/>
    <property name="java.class.path" value="/home/wuqisen/DevelopMaterial/train/member/target/test-classes:/home/wuqisen/DevelopMaterial/train/member/target/classes:/home/wuqisen/.m2/repository/com/mysql/mysql-connector-j/8.0.33/mysql-connector-j-8.0.33.jar:/home/wuqisen/.m2/repository/com/google/protobuf/protobuf-java/3.21.9/protobuf-java-3.21.9.jar:/home/wuqisen/.m2/repository/com/baomidou/mybatis-plus-boot-starter/3.5.4/mybatis-plus-boot-starter-3.5.4.jar:/home/wuqisen/.m2/repository/com/baomidou/mybatis-plus/3.5.4/mybatis-plus-3.5.4.jar:/home/wuqisen/.m2/repository/com/baomidou/mybatis-plus-core/3.5.4/mybatis-plus-core-3.5.4.jar:/home/wuqisen/.m2/repository/com/baomidou/mybatis-plus-annotation/3.5.4/mybatis-plus-annotation-3.5.4.jar:/home/wuqisen/.m2/repository/com/baomidou/mybatis-plus-extension/3.5.4/mybatis-plus-extension-3.5.4.jar:/home/wuqisen/.m2/repository/org/mybatis/mybatis/3.5.13/mybatis-3.5.13.jar:/home/wuqisen/.m2/repository/com/github/jsqlparser/jsqlparser/4.6/jsqlparser-4.6.jar:/home/wuqisen/.m2/repository/org/mybatis/mybatis-spring/2.1.1/mybatis-spring-2.1.1.jar:/home/wuqisen/.m2/repository/com/baomidou/mybatis-plus-spring-boot-autoconfigure/3.5.4/mybatis-plus-spring-boot-autoconfigure-3.5.4.jar:/home/wuqisen/.m2/repository/org/springframework/boot/spring-boot-autoconfigure/3.0.3/spring-boot-autoconfigure-3.0.3.jar:/home/wuqisen/.m2/repository/org/springframework/boot/spring-boot-starter-jdbc/3.0.3/spring-boot-starter-jdbc-3.0.3.jar:/home/wuqisen/.m2/repository/com/zaxxer/HikariCP/5.0.1/HikariCP-5.0.1.jar:/home/wuqisen/.m2/repository/org/springframework/spring-jdbc/6.0.5/spring-jdbc-6.0.5.jar:/home/wuqisen/.m2/repository/org/springframework/spring-tx/6.0.5/spring-tx-6.0.5.jar:/home/wuqisen/.m2/repository/org/springframework/boot/spring-boot-starter-test/3.0.3/spring-boot-starter-test-3.0.3.jar:/home/wuqisen/.m2/repository/org/springframework/boot/spring-boot-starter/3.0.3/spring-boot-starter-3.0.3.jar:/home/wuqisen/.m2/repository/org/springframework/boot/spring-boot-starter-logging/3.0.3/spring-boot-starter-logging-3.0.3.jar:/home/wuqisen/.m2/repository/org/apache/logging/log4j/log4j-to-slf4j/2.19.0/log4j-to-slf4j-2.19.0.jar:/home/wuqisen/.m2/repository/org/apache/logging/log4j/log4j-api/2.19.0/log4j-api-2.19.0.jar:/home/wuqisen/.m2/repository/org/slf4j/jul-to-slf4j/2.0.6/jul-to-slf4j-2.0.6.jar:/home/wuqisen/.m2/repository/jakarta/annotation/jakarta.annotation-api/2.1.1/jakarta.annotation-api-2.1.1.jar:/home/wuqisen/.m2/repository/org/yaml/snakeyaml/1.33/snakeyaml-1.33.jar:/home/wuqisen/.m2/repository/org/springframework/boot/spring-boot-test/3.0.3/spring-boot-test-3.0.3.jar:/home/wuqisen/.m2/repository/org/springframework/boot/spring-boot-test-autoconfigure/3.0.3/spring-boot-test-autoconfigure-3.0.3.jar:/home/wuqisen/.m2/repository/com/jayway/jsonpath/json-path/2.7.0/json-path-2.7.0.jar:/home/wuqisen/.m2/repository/net/minidev/json-smart/2.4.8/json-smart-2.4.8.jar:/home/wuqisen/.m2/repository/net/minidev/accessors-smart/2.4.8/accessors-smart-2.4.8.jar:/home/wuqisen/.m2/repository/org/ow2/asm/asm/9.1/asm-9.1.jar:/home/wuqisen/.m2/repository/org/slf4j/slf4j-api/2.0.6/slf4j-api-2.0.6.jar:/home/wuqisen/.m2/repository/jakarta/xml/bind/jakarta.xml.bind-api/4.0.0/jakarta.xml.bind-api-4.0.0.jar:/home/wuqisen/.m2/repository/jakarta/activation/jakarta.activation-api/2.1.1/jakarta.activation-api-2.1.1.jar:/home/wuqisen/.m2/repository/org/assertj/assertj-core/3.23.1/assertj-core-3.23.1.jar:/home/wuqisen/.m2/repository/net/bytebuddy/byte-buddy/1.12.23/byte-buddy-1.12.23.jar:/home/wuqisen/.m2/repository/org/hamcrest/hamcrest/2.2/hamcrest-2.2.jar:/home/wuqisen/.m2/repository/org/junit/jupiter/junit-jupiter/5.9.2/junit-jupiter-5.9.2.jar:/home/wuqisen/.m2/repository/org/junit/jupiter/junit-jupiter-api/5.9.2/junit-jupiter-api-5.9.2.jar:/home/wuqisen/.m2/repository/org/opentest4j/opentest4j/1.2.0/opentest4j-1.2.0.jar:/home/wuqisen/.m2/repository/org/junit/platform/junit-platform-commons/1.9.2/junit-platform-commons-1.9.2.jar:/home/wuqisen/.m2/repository/org/apiguardian/apiguardian-api/1.1.2/apiguardian-api-1.1.2.jar:/home/wuqisen/.m2/repository/org/junit/jupiter/junit-jupiter-params/5.9.2/junit-jupiter-params-5.9.2.jar:/home/wuqisen/.m2/repository/org/junit/jupiter/junit-jupiter-engine/5.9.2/junit-jupiter-engine-5.9.2.jar:/home/wuqisen/.m2/repository/org/junit/platform/junit-platform-engine/1.9.2/junit-platform-engine-1.9.2.jar:/home/wuqisen/.m2/repository/org/mockito/mockito-core/4.8.1/mockito-core-4.8.1.jar:/home/wuqisen/.m2/repository/net/bytebuddy/byte-buddy-agent/1.12.23/byte-buddy-agent-1.12.23.jar:/home/wuqisen/.m2/repository/org/objenesis/objenesis/3.2/objenesis-3.2.jar:/home/wuqisen/.m2/repository/org/mockito/mockito-junit-jupiter/4.8.1/mockito-junit-jupiter-4.8.1.jar:/home/wuqisen/.m2/repository/org/skyscreamer/jsonassert/1.5.1/jsonassert-1.5.1.jar:/home/wuqisen/.m2/repository/com/vaadin/external/google/android-json/0.0.20131108.vaadin1/android-json-0.0.20131108.vaadin1.jar:/home/wuqisen/.m2/repository/org/springframework/spring-core/6.0.5/spring-core-6.0.5.jar:/home/wuqisen/.m2/repository/org/springframework/spring-jcl/6.0.5/spring-jcl-6.0.5.jar:/home/wuqisen/.m2/repository/org/springframework/spring-test/6.0.5/spring-test-6.0.5.jar:/home/wuqisen/.m2/repository/org/xmlunit/xmlunit-core/2.9.1/xmlunit-core-2.9.1.jar:/home/wuqisen/.m2/repository/org/projectlombok/lombok/1.18.26/lombok-1.18.26.jar:/home/wuqisen/.m2/repository/org/springframework/spring-webmvc/6.0.5/spring-webmvc-6.0.5.jar:/home/wuqisen/.m2/repository/org/springframework/spring-aop/6.0.5/spring-aop-6.0.5.jar:/home/wuqisen/.m2/repository/org/springframework/spring-beans/6.0.5/spring-beans-6.0.5.jar:/home/wuqisen/.m2/repository/org/springframework/spring-context/6.0.5/spring-context-6.0.5.jar:/home/wuqisen/.m2/repository/org/springframework/spring-expression/6.0.5/spring-expression-6.0.5.jar:/home/wuqisen/.m2/repository/org/springframework/spring-web/6.0.5/spring-web-6.0.5.jar:/home/wuqisen/.m2/repository/io/micrometer/micrometer-observation/1.10.4/micrometer-observation-1.10.4.jar:/home/wuqisen/.m2/repository/io/micrometer/micrometer-commons/1.10.4/micrometer-commons-1.10.4.jar:/home/wuqisen/DevelopMaterial/train/common/target/common-0.0.1-SNAPSHOT.jar:/home/wuqisen/.m2/repository/com/alibaba/fastjson/2.0.53/fastjson-2.0.53.jar:/home/wuqisen/.m2/repository/com/alibaba/fastjson2/fastjson2-extension/2.0.53/fastjson2-extension-2.0.53.jar:/home/wuqisen/.m2/repository/com/alibaba/fastjson2/fastjson2/2.0.53/fastjson2-2.0.53.jar:/home/wuqisen/.m2/repository/cn/hutool/hutool-all/5.8.22/hutool-all-5.8.22.jar:/home/wuqisen/.m2/repository/org/springframework/boot/spring-boot-starter-validation/3.0.3/spring-boot-starter-validation-3.0.3.jar:/home/wuqisen/.m2/repository/org/apache/tomcat/embed/tomcat-embed-el/10.1.5/tomcat-embed-el-10.1.5.jar:/home/wuqisen/.m2/repository/org/hibernate/validator/hibernate-validator/8.0.0.Final/hibernate-validator-8.0.0.Final.jar:/home/wuqisen/.m2/repository/jakarta/validation/jakarta.validation-api/3.0.2/jakarta.validation-api-3.0.2.jar:/home/wuqisen/.m2/repository/org/jboss/logging/jboss-logging/3.5.0.Final/jboss-logging-3.5.0.Final.jar:/home/wuqisen/.m2/repository/com/fasterxml/classmate/1.5.1/classmate-1.5.1.jar:/home/wuqisen/.m2/repository/org/springframework/boot/spring-boot-starter-aop/3.0.3/spring-boot-starter-aop-3.0.3.jar:/home/wuqisen/.m2/repository/org/aspectj/aspectjweaver/1.9.19/aspectjweaver-1.9.19.jar:/home/wuqisen/.m2/repository/org/springframework/boot/spring-boot-starter-web/3.0.3/spring-boot-starter-web-3.0.3.jar:/home/wuqisen/.m2/repository/org/springframework/boot/spring-boot-starter-json/3.0.3/spring-boot-starter-json-3.0.3.jar:/home/wuqisen/.m2/repository/com/fasterxml/jackson/core/jackson-databind/2.14.2/jackson-databind-2.14.2.jar:/home/wuqisen/.m2/repository/com/fasterxml/jackson/core/jackson-annotations/2.14.2/jackson-annotations-2.14.2.jar:/home/wuqisen/.m2/repository/com/fasterxml/jackson/core/jackson-core/2.14.2/jackson-core-2.14.2.jar:/home/wuqisen/.m2/repository/com/fasterxml/jackson/datatype/jackson-datatype-jdk8/2.14.2/jackson-datatype-jdk8-2.14.2.jar:/home/wuqisen/.m2/repository/com/fasterxml/jackson/datatype/jackson-datatype-jsr310/2.14.2/jackson-datatype-jsr310-2.14.2.jar:/home/wuqisen/.m2/repository/com/fasterxml/jackson/module/jackson-module-parameter-names/2.14.2/jackson-module-parameter-names-2.14.2.jar:/home/wuqisen/.m2/repository/org/springframework/boot/spring-boot-starter-tomcat/3.0.3/spring-boot-starter-tomcat-3.0.3.jar:/home/wuqisen/.m2/repository/org/apache/tomcat/embed/tomcat-embed-core/10.1.5/tomcat-embed-core-10.1.5.jar:/home/wuqisen/.m2/repository/org/apache/tomcat/embed/tomcat-embed-websocket/10.1.5/tomcat-embed-websocket-10.1.5.jar:/home/wuqisen/.m2/repository/ch/qos/logback/logback-classic/1.4.5/logback-classic-1.4.5.jar:/home/wuqisen/.m2/repository/ch/qos/logback/logback-core/1.4.5/logback-core-1.4.5.jar:/home/wuqisen/.m2/repository/org/springframework/cloud/spring-cloud-starter/4.0.4/spring-cloud-starter-4.0.4.jar:/home/wuqisen/.m2/repository/org/springframework/cloud/spring-cloud-context/4.0.4/spring-cloud-context-4.0.4.jar:/home/wuqisen/.m2/repository/org/springframework/security/spring-security-crypto/6.0.2/spring-security-crypto-6.0.2.jar:/home/wuqisen/.m2/repository/org/springframework/cloud/spring-cloud-commons/4.0.4/spring-cloud-commons-4.0.4.jar:/home/wuqisen/.m2/repository/org/springframework/security/spring-security-rsa/1.0.12.RELEASE/spring-security-rsa-1.0.12.RELEASE.jar:/home/wuqisen/.m2/repository/org/bouncycastle/bcpkix-jdk18on/1.73/bcpkix-jdk18on-1.73.jar:/home/wuqisen/.m2/repository/org/bouncycastle/bcprov-jdk18on/1.73/bcprov-jdk18on-1.73.jar:/home/wuqisen/.m2/repository/org/bouncycastle/bcutil-jdk18on/1.73/bcutil-jdk18on-1.73.jar:/home/wuqisen/.m2/repository/org/springframework/boot/spring-boot-devtools/3.0.3/spring-boot-devtools-3.0.3.jar:/home/wuqisen/.m2/repository/org/springframework/boot/spring-boot/3.0.3/spring-boot-3.0.3.jar:"/>
    <property name="java.vm.vendor" value="Ubuntu"/>
    <property name="sun.arch.data.model" value="64"/>
    <property name="java.vendor.url" value="https://ubuntu.com/"/>
    <property name="os.name" value="Linux"/>
    <property name="java.vm.specification.version" value="17"/>
    <property name="sun.java.launcher" value="SUN_STANDARD"/>
    <property name="user.country" value="CN"/>
    <property name="sun.boot.library.path" value="/usr/lib/jvm/java-17-openjdk-amd64/lib"/>
    <property name="sun.java.command" value="/home/wuqisen/DevelopMaterial/train/member/target/surefire/surefirebooter3595148609308405955.jar /home/wuqisen/DevelopMaterial/train/member/target/surefire 2024-12-13T11-30-04_628-jvmRun1 surefire7271931992262740702tmp surefire_010529646469168855813tmp"/>
    <property name="jdk.debug" value="release"/>
    <property name="surefire.test.class.path" value="/home/wuqisen/DevelopMaterial/train/member/target/test-classes:/home/wuqisen/DevelopMaterial/train/member/target/classes:/home/wuqisen/.m2/repository/com/mysql/mysql-connector-j/8.0.33/mysql-connector-j-8.0.33.jar:/home/wuqisen/.m2/repository/com/google/protobuf/protobuf-java/3.21.9/protobuf-java-3.21.9.jar:/home/wuqisen/.m2/repository/com/baomidou/mybatis-plus-boot-starter/3.5.4/mybatis-plus-boot-starter-3.5.4.jar:/home/wuqisen/.m2/repository/com/baomidou/mybatis-plus/3.5.4/mybatis-plus-3.5.4.jar:/home/wuqisen/.m2/repository/com/baomidou/mybatis-plus-core/3.5.4/mybatis-plus-core-3.5.4.jar:/home/wuqisen/.m2/repository/com/baomidou/mybatis-plus-annotation/3.5.4/mybatis-plus-annotation-3.5.4.jar:/home/wuqisen/.m2/repository/com/baomidou/mybatis-plus-extension/3.5.4/mybatis-plus-extension-3.5.4.jar:/home/wuqisen/.m2/repository/org/mybatis/mybatis/3.5.13/mybatis-3.5.13.jar:/home/wuqisen/.m2/repository/com/github/jsqlparser/jsqlparser/4.6/jsqlparser-4.6.jar:/home/wuqisen/.m2/repository/org/mybatis/mybatis-spring/2.1.1/mybatis-spring-2.1.1.jar:/home/wuqisen/.m2/repository/com/baomidou/mybatis-plus-spring-boot-autoconfigure/3.5.4/mybatis-plus-spring-boot-autoconfigure-3.5.4.jar:/home/wuqisen/.m2/repository/org/springframework/boot/spring-boot-autoconfigure/3.0.3/spring-boot-autoconfigure-3.0.3.jar:/home/wuqisen/.m2/repository/org/springframework/boot/spring-boot-starter-jdbc/3.0.3/spring-boot-starter-jdbc-3.0.3.jar:/home/wuqisen/.m2/repository/com/zaxxer/HikariCP/5.0.1/HikariCP-5.0.1.jar:/home/wuqisen/.m2/repository/org/springframework/spring-jdbc/6.0.5/spring-jdbc-6.0.5.jar:/home/wuqisen/.m2/repository/org/springframework/spring-tx/6.0.5/spring-tx-6.0.5.jar:/home/wuqisen/.m2/repository/org/springframework/boot/spring-boot-starter-test/3.0.3/spring-boot-starter-test-3.0.3.jar:/home/wuqisen/.m2/repository/org/springframework/boot/spring-boot-starter/3.0.3/spring-boot-starter-3.0.3.jar:/home/wuqisen/.m2/repository/org/springframework/boot/spring-boot-starter-logging/3.0.3/spring-boot-starter-logging-3.0.3.jar:/home/wuqisen/.m2/repository/org/apache/logging/log4j/log4j-to-slf4j/2.19.0/log4j-to-slf4j-2.19.0.jar:/home/wuqisen/.m2/repository/org/apache/logging/log4j/log4j-api/2.19.0/log4j-api-2.19.0.jar:/home/wuqisen/.m2/repository/org/slf4j/jul-to-slf4j/2.0.6/jul-to-slf4j-2.0.6.jar:/home/wuqisen/.m2/repository/jakarta/annotation/jakarta.annotation-api/2.1.1/jakarta.annotation-api-2.1.1.jar:/home/wuqisen/.m2/repository/org/yaml/snakeyaml/1.33/snakeyaml-1.33.jar:/home/wuqisen/.m2/repository/org/springframework/boot/spring-boot-test/3.0.3/spring-boot-test-3.0.3.jar:/home/wuqisen/.m2/repository/org/springframework/boot/spring-boot-test-autoconfigure/3.0.3/spring-boot-test-autoconfigure-3.0.3.jar:/home/wuqisen/.m2/repository/com/jayway/jsonpath/json-path/2.7.0/json-path-2.7.0.jar:/home/wuqisen/.m2/repository/net/minidev/json-smart/2.4.8/json-smart-2.4.8.jar:/home/wuqisen/.m2/repository/net/minidev/accessors-smart/2.4.8/accessors-smart-2.4.8.jar:/home/wuqisen/.m2/repository/org/ow2/asm/asm/9.1/asm-9.1.jar:/home/wuqisen/.m2/repository/org/slf4j/slf4j-api/2.0.6/slf4j-api-2.0.6.jar:/home/wuqisen/.m2/repository/jakarta/xml/bind/jakarta.xml.bind-api/4.0.0/jakarta.xml.bind-api-4.0.0.jar:/home/wuqisen/.m2/repository/jakarta/activation/jakarta.activation-api/2.1.1/jakarta.activation-api-2.1.1.jar:/home/wuqisen/.m2/repository/org/assertj/assertj-core/3.23.1/assertj-core-3.23.1.jar:/home/wuqisen/.m2/repository/net/bytebuddy/byte-buddy/1.12.23/byte-buddy-1.12.23.jar:/home/wuqisen/.m2/repository/org/hamcrest/hamcrest/2.2/hamcrest-2.2.jar:/home/wuqisen/.m2/repository/org/junit/jupiter/junit-jupiter/5.9.2/junit-jupiter-5.9.2.jar:/home/wuqisen/.m2/repository/org/junit/jupiter/junit-jupiter-api/5.9.2/junit-jupiter-api-5.9.2.jar:/home/wuqisen/.m2/repository/org/opentest4j/opentest4j/1.2.0/opentest4j-1.2.0.jar:/home/wuqisen/.m2/repository/org/junit/platform/junit-platform-commons/1.9.2/junit-platform-commons-1.9.2.jar:/home/wuqisen/.m2/repository/org/apiguardian/apiguardian-api/1.1.2/apiguardian-api-1.1.2.jar:/home/wuqisen/.m2/repository/org/junit/jupiter/junit-jupiter-params/5.9.2/junit-jupiter-params-5.9.2.jar:/home/wuqisen/.m2/repository/org/junit/jupiter/junit-jupiter-engine/5.9.2/junit-jupiter-engine-5.9.2.jar:/home/wuqisen/.m2/repository/org/junit/platform/junit-platform-engine/1.9.2/junit-platform-engine-1.9.2.jar:/home/wuqisen/.m2/repository/org/mockito/mockito-core/4.8.1/mockito-core-4.8.1.jar:/home/wuqisen/.m2/repository/net/bytebuddy/byte-buddy-agent/1.12.23/byte-buddy-agent-1.12.23.jar:/home/wuqisen/.m2/repository/org/objenesis/objenesis/3.2/objenesis-3.2.jar:/home/wuqisen/.m2/repository/org/mockito/mockito-junit-jupiter/4.8.1/mockito-junit-jupiter-4.8.1.jar:/home/wuqisen/.m2/repository/org/skyscreamer/jsonassert/1.5.1/jsonassert-1.5.1.jar:/home/wuqisen/.m2/repository/com/vaadin/external/google/android-json/0.0.20131108.vaadin1/android-json-0.0.20131108.vaadin1.jar:/home/wuqisen/.m2/repository/org/springframework/spring-core/6.0.5/spring-core-6.0.5.jar:/home/wuqisen/.m2/repository/org/springframework/spring-jcl/6.0.5/spring-jcl-6.0.5.jar:/home/wuqisen/.m2/repository/org/springframework/spring-test/6.0.5/spring-test-6.0.5.jar:/home/wuqisen/.m2/repository/org/xmlunit/xmlunit-core/2.9.1/xmlunit-core-2.9.1.jar:/home/wuqisen/.m2/repository/org/projectlombok/lombok/1.18.26/lombok-1.18.26.jar:/home/wuqisen/.m2/repository/org/springframework/spring-webmvc/6.0.5/spring-webmvc-6.0.5.jar:/home/wuqisen/.m2/repository/org/springframework/spring-aop/6.0.5/spring-aop-6.0.5.jar:/home/wuqisen/.m2/repository/org/springframework/spring-beans/6.0.5/spring-beans-6.0.5.jar:/home/wuqisen/.m2/repository/org/springframework/spring-context/6.0.5/spring-context-6.0.5.jar:/home/wuqisen/.m2/repository/org/springframework/spring-expression/6.0.5/spring-expression-6.0.5.jar:/home/wuqisen/.m2/repository/org/springframework/spring-web/6.0.5/spring-web-6.0.5.jar:/home/wuqisen/.m2/repository/io/micrometer/micrometer-observation/1.10.4/micrometer-observation-1.10.4.jar:/home/wuqisen/.m2/repository/io/micrometer/micrometer-commons/1.10.4/micrometer-commons-1.10.4.jar:/home/wuqisen/DevelopMaterial/train/common/target/common-0.0.1-SNAPSHOT.jar:/home/wuqisen/.m2/repository/com/alibaba/fastjson/2.0.53/fastjson-2.0.53.jar:/home/wuqisen/.m2/repository/com/alibaba/fastjson2/fastjson2-extension/2.0.53/fastjson2-extension-2.0.53.jar:/home/wuqisen/.m2/repository/com/alibaba/fastjson2/fastjson2/2.0.53/fastjson2-2.0.53.jar:/home/wuqisen/.m2/repository/cn/hutool/hutool-all/5.8.22/hutool-all-5.8.22.jar:/home/wuqisen/.m2/repository/org/springframework/boot/spring-boot-starter-validation/3.0.3/spring-boot-starter-validation-3.0.3.jar:/home/wuqisen/.m2/repository/org/apache/tomcat/embed/tomcat-embed-el/10.1.5/tomcat-embed-el-10.1.5.jar:/home/wuqisen/.m2/repository/org/hibernate/validator/hibernate-validator/8.0.0.Final/hibernate-validator-8.0.0.Final.jar:/home/wuqisen/.m2/repository/jakarta/validation/jakarta.validation-api/3.0.2/jakarta.validation-api-3.0.2.jar:/home/wuqisen/.m2/repository/org/jboss/logging/jboss-logging/3.5.0.Final/jboss-logging-3.5.0.Final.jar:/home/wuqisen/.m2/repository/com/fasterxml/classmate/1.5.1/classmate-1.5.1.jar:/home/wuqisen/.m2/repository/org/springframework/boot/spring-boot-starter-aop/3.0.3/spring-boot-starter-aop-3.0.3.jar:/home/wuqisen/.m2/repository/org/aspectj/aspectjweaver/1.9.19/aspectjweaver-1.9.19.jar:/home/wuqisen/.m2/repository/org/springframework/boot/spring-boot-starter-web/3.0.3/spring-boot-starter-web-3.0.3.jar:/home/wuqisen/.m2/repository/org/springframework/boot/spring-boot-starter-json/3.0.3/spring-boot-starter-json-3.0.3.jar:/home/wuqisen/.m2/repository/com/fasterxml/jackson/core/jackson-databind/2.14.2/jackson-databind-2.14.2.jar:/home/wuqisen/.m2/repository/com/fasterxml/jackson/core/jackson-annotations/2.14.2/jackson-annotations-2.14.2.jar:/home/wuqisen/.m2/repository/com/fasterxml/jackson/core/jackson-core/2.14.2/jackson-core-2.14.2.jar:/home/wuqisen/.m2/repository/com/fasterxml/jackson/datatype/jackson-datatype-jdk8/2.14.2/jackson-datatype-jdk8-2.14.2.jar:/home/wuqisen/.m2/repository/com/fasterxml/jackson/datatype/jackson-datatype-jsr310/2.14.2/jackson-datatype-jsr310-2.14.2.jar:/home/wuqisen/.m2/repository/com/fasterxml/jackson/module/jackson-module-parameter-names/2.14.2/jackson-module-parameter-names-2.14.2.jar:/home/wuqisen/.m2/repository/org/springframework/boot/spring-boot-starter-tomcat/3.0.3/spring-boot-starter-tomcat-3.0.3.jar:/home/wuqisen/.m2/repository/org/apache/tomcat/embed/tomcat-embed-core/10.1.5/tomcat-embed-core-10.1.5.jar:/home/wuqisen/.m2/repository/org/apache/tomcat/embed/tomcat-embed-websocket/10.1.5/tomcat-embed-websocket-10.1.5.jar:/home/wuqisen/.m2/repository/ch/qos/logback/logback-classic/1.4.5/logback-classic-1.4.5.jar:/home/wuqisen/.m2/repository/ch/qos/logback/logback-core/1.4.5/logback-core-1.4.5.jar:/home/wuqisen/.m2/repository/org/springframework/cloud/spring-cloud-starter/4.0.4/spring-cloud-starter-4.0.4.jar:/home/wuqisen/.m2/repository/org/springframework/cloud/spring-cloud-context/4.0.4/spring-cloud-context-4.0.4.jar:/home/wuqisen/.m2/repository/org/springframework/security/spring-security-crypto/6.0.2/spring-security-crypto-6.0.2.jar:/home/wuqisen/.m2/repository/org/springframework/cloud/spring-cloud-commons/4.0.4/spring-cloud-commons-4.0.4.jar:/home/wuqisen/.m2/repository/org/springframework/security/spring-security-rsa/1.0.12.RELEASE/spring-security-rsa-1.0.12.RELEASE.jar:/home/wuqisen/.m2/repository/org/bouncycastle/bcpkix-jdk18on/1.73/bcpkix-jdk18on-1.73.jar:/home/wuqisen/.m2/repository/org/bouncycastle/bcprov-jdk18on/1.73/bcprov-jdk18on-1.73.jar:/home/wuqisen/.m2/repository/org/bouncycastle/bcutil-jdk18on/1.73/bcutil-jdk18on-1.73.jar:/home/wuqisen/.m2/repository/org/springframework/boot/spring-boot-devtools/3.0.3/spring-boot-devtools-3.0.3.jar:/home/wuqisen/.m2/repository/org/springframework/boot/spring-boot/3.0.3/spring-boot-3.0.3.jar:"/>
    <property name="sun.cpu.endian" value="little"/>
    <property name="user.home" value="/home/wuqisen"/>
    <property name="user.language" value="zh"/>
    <property name="java.specification.vendor" value="Oracle Corporation"/>
    <property name="java.version.date" value="2024-10-15"/>
    <property name="java.home" value="/usr/lib/jvm/java-17-openjdk-amd64"/>
    <property name="file.separator" value="/"/>
    <property name="basedir" value="/home/wuqisen/DevelopMaterial/train/member"/>
    <property name="java.vm.compressedOopsMode" value="Zero based"/>
    <property name="line.separator" value="&#10;"/>
    <property name="java.vm.specification.vendor" value="Oracle Corporation"/>
    <property name="java.specification.name" value="Java Platform API Specification"/>
    <property name="surefire.real.class.path" value="/home/wuqisen/DevelopMaterial/train/member/target/surefire/surefirebooter3595148609308405955.jar"/>
    <property name="sun.management.compiler" value="HotSpot 64-Bit Tiered Compilers"/>
    <property name="java.runtime.version" value="17.0.13+11-Ubuntu-2ubuntu124.04"/>
    <property name="user.name" value="wuqisen"/>
    <property name="path.separator" value=":"/>
    <property name="os.version" value="6.8.0-49-generic"/>
    <property name="java.runtime.name" value="OpenJDK Runtime Environment"/>
    <property name="file.encoding" value="UTF-8"/>
    <property name="java.vm.name" value="OpenJDK 64-Bit Server VM"/>
    <property name="localRepository" value="/home/wuqisen/.m2/repository"/>
    <property name="java.vendor.url.bug" value="https://bugs.launchpad.net/ubuntu/+source/openjdk-17"/>
    <property name="java.io.tmpdir" value="/tmp"/>
    <property name="java.version" value="17.0.13"/>
    <property name="user.dir" value="/home/wuqisen/DevelopMaterial/train/member"/>
    <property name="os.arch" value="amd64"/>
    <property name="java.vm.specification.name" value="Java Virtual Machine Specification"/>
    <property name="native.encoding" value="UTF-8"/>
    <property name="java.library.path" value="/usr/java/packages/lib:/usr/lib/x86_64-linux-gnu/jni:/lib/x86_64-linux-gnu:/usr/lib/x86_64-linux-gnu:/usr/lib/jni:/lib:/usr/lib"/>
    <property name="java.vm.info" value="mixed mode, sharing"/>
    <property name="java.vendor" value="Ubuntu"/>
    <property name="java.vm.version" value="17.0.13+11-Ubuntu-2ubuntu124.04"/>
    <property name="java.specification.maintenance.version" value="1"/>
    <property name="sun.io.unicode.encoding" value="UnicodeLittle"/>
    <property name="java.class.version" value="61.0"/>
  </properties>
  <testcase name="test01" classname="TestClass" time="0.481"/>
  <testcase name="test02" classname="TestClass" time="0.048"/>
</testsuite>